<?xml version="1.0" encoding="UTF-8"?>
<!-- Generated by org.testng.reporters.JUnitReportReporter -->
<testsuite hostname="DESKTOP-NFS7BKI" failures="0" tests="2" name="com.linkedin.qa.testcases.LoginPageTest" time="70.377" errors="0" timestamp="2021-07-14T16:46:12 IST" skipped="0">
  <testcase classname="com.linkedin.qa.testcases.LoginPageTest" name="loginPageTitleTest" time="35.510"/>
  <system-out/>
  <testcase classname="com.linkedin.qa.testcases.LoginPageTest" name="loginTest" time="34.867"/>
  <system-out/>
</testsuite> <!-- com.linkedin.qa.testcases.LoginPageTest -->
